<?xml version="1.0" encoding="UTF-8"?>
<!-- Generated by org.testng.reporters.JUnitXMLReporter -->
<testsuite hostname="DESKTOP-5GKV5A2" ignored="0" name="parrareldemo" tests="6" failures="0" timestamp="12 Jun 2020 03:33:44 GMT" time="110.867" errors="0">
  <testcase name="tc_01" time="19.639" classname="com.testyatra.parrarelExecution.ParrarelExecution1"/>
  <testcase name="tc_02" time="10.514" classname="com.testyatra.parrarelExecution.ParrarelExecution1"/>
  <testcase name="tc_01" time="20.039" classname="com.testyatra.parrarelExecution.ParrarelExecution2"/>
  <testcase name="tc_02" time="21.441" classname="com.testyatra.parrarelExecution.ParrarelExecution2"/>
  <testcase name="tc_01" time="19.863" classname="com.testyatra.parrarelExecution.ParrarelExecution3"/>
  <testcase name="tc_02" time="19.34" classname="com.testyatra.parrarelExecution.ParrarelExecution3"/>
</testsuite> <!-- parrareldemo -->
